CRITICAL - 2022-01-04 09:34:08 --> Invalid file: welcome_message.php
#0 C:\xampp\htdocs\PreguntasRespuestas\system\View\View.php(198): CodeIgniter\Exceptions\FrameworkException::forInvalidFile('welcome_message...')
#1 C:\xampp\htdocs\PreguntasRespuestas\system\Common.php(1089): CodeIgniter\View\View->render('welcome_message', Array, true)
#2 C:\xampp\htdocs\PreguntasRespuestas\app\Controllers\Home.php(9): view('welcome_message')
#3 C:\xampp\htdocs\PreguntasRespuestas\system\CodeIgniter.php(825): App\Controllers\Home->index()
#4 C:\xampp\htdocs\PreguntasRespuestas\system\CodeIgniter.php(412): CodeIgniter\CodeIgniter->runController(Object(App\Controllers\Home))
#5 C:\xampp\htdocs\PreguntasRespuestas\system\CodeIgniter.php(320): CodeIgniter\CodeIgniter->handleRequest(NULL, Object(Config\Cache), false)
#6 C:\xampp\htdocs\PreguntasRespuestas\index.php(37): CodeIgniter\CodeIgniter->run()
#7 {main}
CRITICAL - 2022-01-04 09:34:10 --> Invalid file: welcome_message.php
#0 C:\xampp\htdocs\PreguntasRespuestas\system\View\View.php(198): CodeIgniter\Exceptions\FrameworkException::forInvalidFile('welcome_message...')
#1 C:\xampp\htdocs\PreguntasRespuestas\system\Common.php(1089): CodeIgniter\View\View->render('welcome_message', Array, true)
#2 C:\xampp\htdocs\PreguntasRespuestas\app\Controllers\Home.php(9): view('welcome_message')
#3 C:\xampp\htdocs\PreguntasRespuestas\system\CodeIgniter.php(825): App\Controllers\Home->index()
#4 C:\xampp\htdocs\PreguntasRespuestas\system\CodeIgniter.php(412): CodeIgniter\CodeIgniter->runController(Object(App\Controllers\Home))
#5 C:\xampp\htdocs\PreguntasRespuestas\system\CodeIgniter.php(320): CodeIgniter\CodeIgniter->handleRequest(NULL, Object(Config\Cache), false)
#6 C:\xampp\htdocs\PreguntasRespuestas\index.php(37): CodeIgniter\CodeIgniter->run()
#7 {main}
CRITICAL - 2022-01-04 12:53:17 --> syntax error, unexpected '}', expecting ';' or ','
#0 C:\xampp\htdocs\PreguntasRespuestas\system\Autoloader\Autoloader.php(241): CodeIgniter\Autoloader\Autoloader->includeFile('C:\\xampp\\htdocs...')
#1 C:\xampp\htdocs\PreguntasRespuestas\system\Autoloader\Autoloader.php(219): CodeIgniter\Autoloader\Autoloader->loadInNamespace('App\\Controllers...')
#2 [internal function]: CodeIgniter\Autoloader\Autoloader->loadClass('App\\Controllers...')
#3 [internal function]: spl_autoload_call('App\\Controllers...')
#4 C:\xampp\htdocs\PreguntasRespuestas\system\CodeIgniter.php(790): class_exists('\\App\\Controller...', true)
#5 C:\xampp\htdocs\PreguntasRespuestas\system\CodeIgniter.php(399): CodeIgniter\CodeIgniter->startController()
#6 C:\xampp\htdocs\PreguntasRespuestas\system\CodeIgniter.php(320): CodeIgniter\CodeIgniter->handleRequest(NULL, Object(Config\Cache), false)
#7 C:\xampp\htdocs\PreguntasRespuestas\index.php(37): CodeIgniter\CodeIgniter->run()
#8 {main}
